<?xml version="1.0" encoding="UTF-8"?>
<!-- Generated by org.testng.reporters.JUnitReportReporter -->
<testsuite hostname="Dipalis-MacBook-Air.local" failures="0" tests="1" name="Testcase.TC_004_ChangeStatusCart" time="1.536" errors="0" timestamp="2022-06-07T19:19:31 EDT" skipped="0">
  <testcase classname="Testcase.TC_004_ChangeStatusCart" name="test_ChangeStatusOfItem" time="1.536"/>
  <system-out/>
</testsuite> <!-- Testcase.TC_004_ChangeStatusCart -->
