<?xml version="1.0" encoding="UTF-8"?>
<!-- Generated by org.testng.reporters.JUnitReportReporter -->
<testsuite hostname="Dipalis-MacBook-Air.local" failures="0" tests="1" name="Testcase.TC_002_ShoppingCart" time="12.489" errors="0" timestamp="2022-06-07T19:19:31 EDT" skipped="0">
  <testcase classname="Testcase.TC_002_ShoppingCart" name="test_AddItem" time="12.489"/>
  <system-out/>
</testsuite> <!-- Testcase.TC_002_ShoppingCart -->
