<?xml version="1.0" encoding="UTF-8"?>
<!-- Generated by org.testng.reporters.JUnitReportReporter -->
<testsuite hostname="Dipalis-MacBook-Air.local" failures="0" tests="1" name="Testcase.TC_003_DecendingAndAssendingOrder" time="17.829" errors="0" timestamp="2022-06-07T19:19:31 EDT" skipped="0">
  <testcase classname="Testcase.TC_003_DecendingAndAssendingOrder" name="test_Filter" time="17.829"/>
  <system-out/>
</testsuite> <!-- Testcase.TC_003_DecendingAndAssendingOrder -->
