<?xml version="1.0" encoding="UTF-8"?>
<!-- Generated by org.testng.reporters.JUnitReportReporter -->
<testsuite hostname="Dipalis-MacBook-Air.local" failures="0" tests="3" name="Testcase.TC_001_LoginPage" time="6.573" errors="0" timestamp="2022-06-07T19:19:31 EDT" skipped="0">
  <testcase classname="Testcase.TC_001_LoginPage" name="test_Login" time="1.637"/>
  <system-out/>
  <testcase classname="Testcase.TC_001_LoginPage" name="test_Login_Wrong_Input" time="2.442"/>
  <system-out/>
  <testcase classname="Testcase.TC_001_LoginPage" name="test_Login_Requirefield" time="2.494"/>
  <system-out/>
</testsuite> <!-- Testcase.TC_001_LoginPage -->
